2025-04-28 15:32:45,043 - INFO - Root endpoint called
2025-04-28 15:44:46,605 - ERROR - Unexpected error: module 'app.crud' has no attribute 'category'
2025-04-28 18:41:29,179 - ERROR - Unexpected error: module 'app.crud' has no attribute 'equipment'
2025-04-29 16:51:34,856 - INFO - Root endpoint called
2025-04-29 16:52:10,591 - INFO - Root endpoint called
2025-04-29 16:53:43,343 - ERROR - Unexpected error: module 'app.crud' has no attribute 'category'
2025-04-29 16:58:56,606 - INFO - Root endpoint called
2025-04-29 16:58:57,395 - INFO - Root endpoint called
2025-04-29 16:58:58,240 - INFO - Root endpoint called
2025-04-29 17:09:01,523 - ERROR - Unexpected error: (psycopg2.errors.ForeignKeyViolation) ОШИБКА:  INSERT или UPDATE в таблице "equipment" нарушает ограничение внешнего ключа "equipment_category_id_fkey"
DETAIL:  Ключ (category_id)=(0) отсутствует в таблице "categories".

[SQL: INSERT INTO equipment (name, warranty_years, min_temperature, max_temperature, link, category_id, mtbf_hours) VALUES (%(name)s, %(warranty_years)s, %(min_temperature)s, %(max_temperature)s, %(link)s, %(category_id)s, %(mtbf_hours)s) RETURNING equipment.id]
[parameters: {'name': 'TestEqui', 'warranty_years': 0, 'min_temperature': 0.0, 'max_temperature': 0.0, 'link': 'string', 'category_id': 0, 'mtbf_hours': 225.0}]
(Background on this error at: https://sqlalche.me/e/20/gkpj)
2025-04-29 17:10:10,880 - ERROR - Unexpected error: (psycopg2.errors.ForeignKeyViolation) ОШИБКА:  INSERT или UPDATE в таблице "equipment" нарушает ограничение внешнего ключа "equipment_category_id_fkey"
DETAIL:  Ключ (category_id)=(3) отсутствует в таблице "categories".

[SQL: INSERT INTO equipment (name, warranty_years, min_temperature, max_temperature, link, category_id, mtbf_hours) VALUES (%(name)s, %(warranty_years)s, %(min_temperature)s, %(max_temperature)s, %(link)s, %(category_id)s, %(mtbf_hours)s) RETURNING equipment.id]
[parameters: {'name': 'TestEqui', 'warranty_years': 0, 'min_temperature': 0.0, 'max_temperature': 0.0, 'link': 'string', 'category_id': 3, 'mtbf_hours': 225.0}]
(Background on this error at: https://sqlalche.me/e/20/gkpj)
2025-04-29 17:17:06,618 - INFO - Root endpoint called
2025-04-29 17:17:27,581 - ERROR - Unexpected error: name 'models' is not defined
2025-04-29 17:19:59,312 - ERROR - Unexpected error: You must set the config attribute `from_attributes=True` to use from_orm
2025-04-29 17:27:01,018 - ERROR - Unexpected error: (psycopg2.errors.ForeignKeyViolation) ОШИБКА:  INSERT или UPDATE в таблице "equipment" нарушает ограничение внешнего ключа "equipment_category_id_fkey"
DETAIL:  Ключ (category_id)=(0) отсутствует в таблице "categories".

[SQL: UPDATE equipment SET name=%(name)s, category_id=%(category_id)s, mtbf_hours=%(mtbf_hours)s WHERE equipment.id = %(equipment_id)s]
[parameters: {'name': 'POPAOAPAOAPO', 'category_id': 0, 'mtbf_hours': 255.0, 'equipment_id': 603}]
(Background on this error at: https://sqlalche.me/e/20/gkpj)
2025-04-30 14:27:19,327 - INFO - Root endpoint called
2025-04-30 14:30:43,514 - INFO - Root endpoint called
2025-04-30 14:38:19,025 - INFO - Root endpoint called
2025-04-30 14:39:49,452 - INFO - Root endpoint called
2025-04-30 15:47:00,317 - INFO - Root endpoint called
2025-04-30 17:05:25,525 - INFO - Root endpoint called
2025-04-30 17:11:53,456 - INFO - Root endpoint called
2025-04-30 18:43:03,857 - INFO - Root endpoint called
2025-05-01 12:40:43,191 - ERROR - Unexpected error: type object 'Equipment' has no attribute 'gamma_percent_resource'
2025-05-01 13:17:41,697 - ERROR - Unexpected error: Column expression, FROM clause, or other columns clause element expected, got <class 'app.schemas.equipment.Equipment'>.
2025-05-01 13:22:47,536 - ERROR - Unexpected error: type object 'Equipment' has no attribute 'from_orm_with_calculations'
